{
  "D:\\Axellion\\PROJETOS\\LoreDice\\loredice\\src\\components\\scoreboard\\PlayerScoreCard.tsx": {
    "path": "D:\\Axellion\\PROJETOS\\LoreDice\\loredice\\src\\components\\scoreboard\\PlayerScoreCard.tsx",
    "statementMap": {
      "0": { "start": { "line": 17, "column": 21 }, "end": { "line": 17, "column": 31 } },
      "1": { "start": { "line": 19, "column": 2 }, "end": { "line": 64, "column": 4 } }
    },
    "fnMap": {
      "0": {
        "name": "PlayerScoreCard",
        "decl": { "start": { "line": 14, "column": 16 }, "end": { "line": 14, "column": 31 } },
        "loc": { "start": { "line": 16, "column": 10 }, "end": { "line": 65, "column": 1 } },
        "line": 16
      }
    },
    "branchMap": {
      "0": {
        "loc": { "start": { "line": 15, "column": 51 }, "end": { "line": 15, "column": 80 } },
        "type": "default-arg",
        "locations": [
          { "start": { "line": 15, "column": 78 }, "end": { "line": 15, "column": 80 } }
        ],
        "line": 15
      },
      "1": {
        "loc": { "start": { "line": 24, "column": 25 }, "end": { "line": 24, "column": 76 } },
        "type": "cond-expr",
        "locations": [
          { "start": { "line": 24, "column": 36 }, "end": { "line": 24, "column": 53 } },
          { "start": { "line": 24, "column": 56 }, "end": { "line": 24, "column": 76 } }
        ],
        "line": 24
      },
      "2": {
        "loc": { "start": { "line": 31, "column": 28 }, "end": { "line": 31, "column": 82 } },
        "type": "cond-expr",
        "locations": [
          { "start": { "line": 31, "column": 39 }, "end": { "line": 31, "column": 62 } },
          { "start": { "line": 31, "column": 65 }, "end": { "line": 31, "column": 82 } }
        ],
        "line": 31
      },
      "3": {
        "loc": { "start": { "line": 36, "column": 24 }, "end": { "line": 36, "column": 80 } },
        "type": "cond-expr",
        "locations": [
          { "start": { "line": 36, "column": 35 }, "end": { "line": 36, "column": 58 } },
          { "start": { "line": 36, "column": 61 }, "end": { "line": 36, "column": 80 } }
        ],
        "line": 36
      }
    },
    "s": { "0": 2, "1": 2 },
    "f": { "0": 2 },
    "b": { "0": [2], "1": [0, 2], "2": [0, 2], "3": [0, 2] },
    "_coverageSchema": "1a1c01bbd47fc00a2c39e90264f33305004495a9",
    "hash": "be6f43fe3822e6acdec1cce8ffe27f6c2d7f68b3"
  },
  "D:\\Axellion\\PROJETOS\\LoreDice\\loredice\\src\\components\\ui\\StarRating.tsx": {
    "path": "D:\\Axellion\\PROJETOS\\LoreDice\\loredice\\src\\components\\ui\\StarRating.tsx",
    "statementMap": {
      "0": { "start": { "line": 11, "column": 21 }, "end": { "line": 11, "column": 31 } },
      "1": { "start": { "line": 13, "column": 2 }, "end": { "line": 28, "column": 4 } },
      "2": { "start": { "line": 16, "column": 8 }, "end": { "line": 25, "column": 20 } },
      "3": { "start": { "line": 20, "column": 25 }, "end": { "line": 20, "column": 41 } }
    },
    "fnMap": {
      "0": {
        "name": "StarRating",
        "decl": { "start": { "line": 10, "column": 16 }, "end": { "line": 10, "column": 26 } },
        "loc": { "start": { "line": 10, "column": 73 }, "end": { "line": 29, "column": 1 } },
        "line": 10
      },
      "1": {
        "name": "(anonymous_1)",
        "decl": { "start": { "line": 15, "column": 27 }, "end": { "line": 15, "column": 28 } },
        "loc": { "start": { "line": 16, "column": 8 }, "end": { "line": 25, "column": 20 } },
        "line": 16
      },
      "2": {
        "name": "(anonymous_2)",
        "decl": { "start": { "line": 20, "column": 19 }, "end": { "line": 20, "column": 20 } },
        "loc": { "start": { "line": 20, "column": 25 }, "end": { "line": 20, "column": 41 } },
        "line": 20
      }
    },
    "branchMap": {
      "0": {
        "loc": { "start": { "line": 10, "column": 46 }, "end": { "line": 10, "column": 62 } },
        "type": "default-arg",
        "locations": [
          { "start": { "line": 10, "column": 57 }, "end": { "line": 10, "column": 62 } }
        ],
        "line": 10
      },
      "1": {
        "loc": { "start": { "line": 19, "column": 48 }, "end": { "line": 19, "column": 67 } },
        "type": "cond-expr",
        "locations": [
          { "start": { "line": 19, "column": 59 }, "end": { "line": 19, "column": 62 } },
          { "start": { "line": 19, "column": 65 }, "end": { "line": 19, "column": 67 } }
        ],
        "line": 19
      },
      "2": {
        "loc": { "start": { "line": 22, "column": 28 }, "end": { "line": 22, "column": 51 } },
        "type": "cond-expr",
        "locations": [
          { "start": { "line": 22, "column": 44 }, "end": { "line": 22, "column": 45 } },
          { "start": { "line": 22, "column": 48 }, "end": { "line": 22, "column": 51 } }
        ],
        "line": 22
      },
      "3": {
        "loc": { "start": { "line": 24, "column": 42 }, "end": { "line": 24, "column": 67 } },
        "type": "cond-expr",
        "locations": [
          { "start": { "line": 24, "column": 58 }, "end": { "line": 24, "column": 61 } },
          { "start": { "line": 24, "column": 64 }, "end": { "line": 24, "column": 67 } }
        ],
        "line": 24
      }
    },
    "s": { "0": 2, "1": 2, "2": 10, "3": 1 },
    "f": { "0": 2, "1": 10, "2": 1 },
    "b": { "0": [2], "1": [8, 2], "2": [3, 7], "3": [3, 7] },
    "_coverageSchema": "1a1c01bbd47fc00a2c39e90264f33305004495a9",
    "hash": "0be133857ff2cab85e4033a437c1da799f06afce"
  },
  "D:\\Axellion\\PROJETOS\\LoreDice\\loredice\\src\\db\\schema\\index.ts": {
    "path": "D:\\Axellion\\PROJETOS\\LoreDice\\loredice\\src\\db\\schema\\index.ts",
    "statementMap": {},
    "fnMap": {},
    "branchMap": {},
    "s": {},
    "f": {},
    "b": {},
    "_coverageSchema": "1a1c01bbd47fc00a2c39e90264f33305004495a9",
    "hash": "7d154620e7a37de15003d7d59dd0560198b1945c"
  },
  "D:\\Axellion\\PROJETOS\\LoreDice\\loredice\\src\\db\\schema\\jogadores.ts": {
    "path": "D:\\Axellion\\PROJETOS\\LoreDice\\loredice\\src\\db\\schema\\jogadores.ts",
    "statementMap": {
      "0": { "start": { "line": 3, "column": 25 }, "end": { "line": 10, "column": 2 } }
    },
    "fnMap": {},
    "branchMap": {},
    "s": { "0": 1 },
    "f": {},
    "b": {},
    "_coverageSchema": "1a1c01bbd47fc00a2c39e90264f33305004495a9",
    "hash": "4306b8a21c6a305a122af8bbd99a735b0f54cd7b"
  },
  "D:\\Axellion\\PROJETOS\\LoreDice\\loredice\\src\\db\\schema\\jogos.ts": {
    "path": "D:\\Axellion\\PROJETOS\\LoreDice\\loredice\\src\\db\\schema\\jogos.ts",
    "statementMap": {
      "0": { "start": { "line": 3, "column": 28 }, "end": { "line": 17, "column": 2 } }
    },
    "fnMap": {},
    "branchMap": {},
    "s": { "0": 1 },
    "f": {},
    "b": {},
    "_coverageSchema": "1a1c01bbd47fc00a2c39e90264f33305004495a9",
    "hash": "1cba071e713f7494a4be055db45b335f40829846"
  },
  "D:\\Axellion\\PROJETOS\\LoreDice\\loredice\\src\\db\\schema\\partidas.ts": {
    "path": "D:\\Axellion\\PROJETOS\\LoreDice\\loredice\\src\\db\\schema\\partidas.ts",
    "statementMap": {
      "0": { "start": { "line": 5, "column": 24 }, "end": { "line": 15, "column": 2 } },
      "1": { "start": { "line": 7, "column": 48 }, "end": { "line": 7, "column": 63 } },
      "2": { "start": { "line": 12, "column": 56 }, "end": { "line": 12, "column": 68 } }
    },
    "fnMap": {
      "0": {
        "name": "(anonymous_0)",
        "decl": { "start": { "line": 7, "column": 42 }, "end": { "line": 7, "column": 43 } },
        "loc": { "start": { "line": 7, "column": 48 }, "end": { "line": 7, "column": 63 } },
        "line": 7
      },
      "1": {
        "name": "(anonymous_1)",
        "decl": { "start": { "line": 12, "column": 50 }, "end": { "line": 12, "column": 51 } },
        "loc": { "start": { "line": 12, "column": 56 }, "end": { "line": 12, "column": 68 } },
        "line": 12
      }
    },
    "branchMap": {},
    "s": { "0": 1, "1": 0, "2": 0 },
    "f": { "0": 0, "1": 0 },
    "b": {},
    "_coverageSchema": "1a1c01bbd47fc00a2c39e90264f33305004495a9",
    "hash": "6f6b86fc70ddb930de66b8c35f4f06b3650bdbe4"
  },
  "D:\\Axellion\\PROJETOS\\LoreDice\\loredice\\src\\errors\\sqlite-error.ts": {
    "path": "D:\\Axellion\\PROJETOS\\LoreDice\\loredice\\src\\errors\\sqlite-error.ts",
    "statementMap": {
      "0": { "start": { "line": 6, "column": 8 }, "end": { "line": 6, "column": 23 } },
      "1": { "start": { "line": 7, "column": 8 }, "end": { "line": 7, "column": 34 } },
      "2": { "start": { "line": 11, "column": 8 }, "end": { "line": 18, "column": 9 } },
      "3": { "start": { "line": 13, "column": 12 }, "end": { "line": 13, "column": 84 } },
      "4": { "start": { "line": 15, "column": 16 }, "end": { "line": 15, "column": 92 } },
      "5": { "start": { "line": 17, "column": 16 }, "end": { "line": 17, "column": 91 } }
    },
    "fnMap": {
      "0": {
        "name": "(anonymous_0)",
        "decl": { "start": { "line": 2, "column": 4 }, "end": { "line": 2, "column": 5 } },
        "loc": { "start": { "line": 5, "column": 6 }, "end": { "line": 8, "column": 5 } },
        "line": 5
      },
      "1": {
        "name": "(anonymous_1)",
        "decl": { "start": { "line": 10, "column": 4 }, "end": { "line": 10, "column": 5 } },
        "loc": { "start": { "line": 10, "column": 17 }, "end": { "line": 19, "column": 5 } },
        "line": 10
      }
    },
    "branchMap": {
      "0": {
        "loc": { "start": { "line": 11, "column": 8 }, "end": { "line": 18, "column": 9 } },
        "type": "switch",
        "locations": [
          { "start": { "line": 12, "column": 12 }, "end": { "line": 13, "column": 84 } },
          { "start": { "line": 14, "column": 12 }, "end": { "line": 15, "column": 92 } },
          { "start": { "line": 16, "column": 12 }, "end": { "line": 17, "column": 91 } }
        ],
        "line": 11
      }
    },
    "s": { "0": 0, "1": 0, "2": 0, "3": 0, "4": 0, "5": 0 },
    "f": { "0": 0, "1": 0 },
    "b": { "0": [0, 0, 0] },
    "_coverageSchema": "1a1c01bbd47fc00a2c39e90264f33305004495a9",
    "hash": "7c66f719a51f2b82155f423649927fec8cadf353"
  },
  "D:\\Axellion\\PROJETOS\\LoreDice\\loredice\\src\\lib\\db.ts": {
    "path": "D:\\Axellion\\PROJETOS\\LoreDice\\loredice\\src\\lib\\db.ts",
    "statementMap": {
      "0": { "start": { "line": 7, "column": 15 }, "end": { "line": 7, "column": 46 } },
      "1": { "start": { "line": 8, "column": 18 }, "end": { "line": 8, "column": 45 } },
      "2": { "start": { "line": 17, "column": 4 }, "end": { "line": 32, "column": 5 } },
      "3": { "start": { "line": 17, "column": 23 }, "end": { "line": 17, "column": 24 } },
      "4": { "start": { "line": 18, "column": 8 }, "end": { "line": 31, "column": 9 } },
      "5": { "start": { "line": 19, "column": 12 }, "end": { "line": 19, "column": 33 } },
      "6": { "start": { "line": 21, "column": 12 }, "end": { "line": 28, "column": 13 } },
      "7": { "start": { "line": 22, "column": 16 }, "end": { "line": 25, "column": 17 } },
      "8": { "start": { "line": 23, "column": 20 }, "end": { "line": 23, "column": 75 } },
      "9": { "start": { "line": 23, "column": 45 }, "end": { "line": 23, "column": 73 } },
      "10": { "start": { "line": 24, "column": 20 }, "end": { "line": 24, "column": 29 } },
      "11": { "start": { "line": 26, "column": 16 }, "end": { "line": 26, "column": 41 } },
      "12": { "start": { "line": 27, "column": 16 }, "end": { "line": 27, "column": 41 } },
      "13": { "start": { "line": 29, "column": 12 }, "end": { "line": 29, "column": 46 } },
      "14": { "start": { "line": 30, "column": 12 }, "end": { "line": 30, "column": 24 } },
      "15": { "start": { "line": 33, "column": 4 }, "end": { "line": 33, "column": 85 } }
    },
    "fnMap": {
      "0": {
        "name": "executeQuery",
        "decl": { "start": { "line": 12, "column": 22 }, "end": { "line": 12, "column": 34 } },
        "loc": { "start": { "line": 16, "column": 14 }, "end": { "line": 34, "column": 1 } },
        "line": 16
      },
      "1": {
        "name": "(anonymous_1)",
        "decl": { "start": { "line": 23, "column": 38 }, "end": { "line": 23, "column": 39 } },
        "loc": { "start": { "line": 23, "column": 45 }, "end": { "line": 23, "column": 73 } },
        "line": 23
      }
    },
    "branchMap": {
      "0": {
        "loc": { "start": { "line": 15, "column": 4 }, "end": { "line": 15, "column": 15 } },
        "type": "default-arg",
        "locations": [
          { "start": { "line": 15, "column": 14 }, "end": { "line": 15, "column": 15 } }
        ],
        "line": 15
      },
      "1": {
        "loc": { "start": { "line": 21, "column": 12 }, "end": { "line": 28, "column": 13 } },
        "type": "if",
        "locations": [
          { "start": { "line": 21, "column": 12 }, "end": { "line": 28, "column": 13 } },
          { "start": {}, "end": {} }
        ],
        "line": 21
      },
      "2": {
        "loc": { "start": { "line": 22, "column": 16 }, "end": { "line": 25, "column": 17 } },
        "type": "if",
        "locations": [
          { "start": { "line": 22, "column": 16 }, "end": { "line": 25, "column": 17 } },
          { "start": {}, "end": {} }
        ],
        "line": 22
      },
      "3": {
        "loc": { "start": { "line": 22, "column": 20 }, "end": { "line": 22, "column": 69 } },
        "type": "binary-expr",
        "locations": [
          { "start": { "line": 22, "column": 20 }, "end": { "line": 22, "column": 48 } },
          { "start": { "line": 22, "column": 52 }, "end": { "line": 22, "column": 69 } }
        ],
        "line": 22
      }
    },
    "s": {
      "0": 1,
      "1": 1,
      "2": 0,
      "3": 0,
      "4": 0,
      "5": 0,
      "6": 0,
      "7": 0,
      "8": 0,
      "9": 0,
      "10": 0,
      "11": 0,
      "12": 0,
      "13": 0,
      "14": 0,
      "15": 0
    },
    "f": { "0": 0, "1": 0 },
    "b": { "0": [0], "1": [0, 0], "2": [0, 0], "3": [0, 0] },
    "_coverageSchema": "1a1c01bbd47fc00a2c39e90264f33305004495a9",
    "hash": "49157c61f5eaa7a2f7fe4301ca14bc78ad0f2bcc"
  },
  "D:\\Axellion\\PROJETOS\\LoreDice\\loredice\\src\\lib\\theme.tsx": {
    "path": "D:\\Axellion\\PROJETOS\\LoreDice\\loredice\\src\\lib\\theme.tsx",
    "statementMap": {
      "0": { "start": { "line": 3, "column": 22 }, "end": { "line": 40, "column": 10 } },
      "1": { "start": { "line": 43, "column": 21 }, "end": { "line": 43, "column": 64 } },
      "2": { "start": { "line": 46, "column": 2 }, "end": { "line": 46, "column": 86 } },
      "3": { "start": { "line": 50, "column": 2 }, "end": { "line": 50, "column": 34 } }
    },
    "fnMap": {
      "0": {
        "name": "ThemeProvider",
        "decl": { "start": { "line": 45, "column": 16 }, "end": { "line": 45, "column": 29 } },
        "loc": { "start": { "line": 45, "column": 69 }, "end": { "line": 47, "column": 1 } },
        "line": 45
      },
      "1": {
        "name": "useTheme",
        "decl": { "start": { "line": 49, "column": 16 }, "end": { "line": 49, "column": 24 } },
        "loc": { "start": { "line": 49, "column": 27 }, "end": { "line": 51, "column": 1 } },
        "line": 49
      }
    },
    "branchMap": {},
    "s": { "0": 2, "1": 2, "2": 0, "3": 4 },
    "f": { "0": 0, "1": 4 },
    "b": {},
    "_coverageSchema": "1a1c01bbd47fc00a2c39e90264f33305004495a9",
    "hash": "f56c584d79343b11bb73fcc7e7afc8487c1dee43"
  },
  "D:\\Axellion\\PROJETOS\\LoreDice\\loredice\\src\\services\\collection.ts": {
    "path": "D:\\Axellion\\PROJETOS\\LoreDice\\loredice\\src\\services\\collection.ts",
    "statementMap": {
      "0": { "start": { "line": 24, "column": 2 }, "end": { "line": 26, "column": 3 } },
      "1": { "start": { "line": 25, "column": 4 }, "end": { "line": 25, "column": 43 } },
      "2": { "start": { "line": 27, "column": 2 }, "end": { "line": 29, "column": 3 } },
      "3": { "start": { "line": 28, "column": 4 }, "end": { "line": 28, "column": 53 } },
      "4": { "start": { "line": 30, "column": 2 }, "end": { "line": 32, "column": 3 } },
      "5": { "start": { "line": 31, "column": 4 }, "end": { "line": 31, "column": 74 } },
      "6": { "start": { "line": 33, "column": 2 }, "end": { "line": 33, "column": 23 } },
      "7": { "start": { "line": 37, "column": 2 }, "end": { "line": 40, "column": 20 } },
      "8": { "start": { "line": 38, "column": 19 }, "end": { "line": 38, "column": 84 } },
      "9": { "start": { "line": 39, "column": 4 }, "end": { "line": 39, "column": 43 } },
      "10": { "start": { "line": 44, "column": 21 }, "end": { "line": 44, "column": 38 } },
      "11": { "start": { "line": 45, "column": 2 }, "end": { "line": 45, "column": 45 } },
      "12": { "start": { "line": 45, "column": 27 }, "end": { "line": 45, "column": 45 } },
      "13": { "start": { "line": 47, "column": 2 }, "end": { "line": 64, "column": 18 } },
      "14": { "start": { "line": 48, "column": 16 }, "end": { "line": 48, "column": 40 } },
      "15": { "start": { "line": 49, "column": 21 }, "end": { "line": 61, "column": 18 } },
      "16": { "start": { "line": 62, "column": 16 }, "end": { "line": 62, "column": 27 } },
      "17": { "start": { "line": 63, "column": 4 }, "end": { "line": 63, "column": 61 } },
      "18": { "start": { "line": 68, "column": 2 }, "end": { "line": 78, "column": 22 } },
      "19": { "start": { "line": 69, "column": 16 }, "end": { "line": 69, "column": 40 } },
      "20": { "start": { "line": 70, "column": 4 }, "end": { "line": 76, "column": 38 } },
      "21": { "start": { "line": 77, "column": 4 }, "end": { "line": 77, "column": 46 } },
      "22": { "start": { "line": 82, "column": 2 }, "end": { "line": 85, "column": 20 } },
      "23": { "start": { "line": 83, "column": 4 }, "end": { "line": 83, "column": 65 } },
      "24": { "start": { "line": 84, "column": 4 }, "end": { "line": 84, "column": 46 } }
    },
    "fnMap": {
      "0": {
        "name": "validarGame",
        "decl": { "start": { "line": 23, "column": 16 }, "end": { "line": 23, "column": 27 } },
        "loc": { "start": { "line": 23, "column": 78 }, "end": { "line": 34, "column": 1 } },
        "line": 23
      },
      "1": {
        "name": "listarJogos",
        "decl": { "start": { "line": 36, "column": 22 }, "end": { "line": 36, "column": 33 } },
        "loc": { "start": { "line": 36, "column": 70 }, "end": { "line": 41, "column": 1 } },
        "line": 36
      },
      "2": {
        "name": "(anonymous_2)",
        "decl": { "start": { "line": 37, "column": 22 }, "end": { "line": 37, "column": 23 } },
        "loc": { "start": { "line": 37, "column": 34 }, "end": { "line": 40, "column": 3 } },
        "line": 37
      },
      "3": {
        "name": "criarJogo",
        "decl": { "start": { "line": 43, "column": 22 }, "end": { "line": 43, "column": 31 } },
        "loc": { "start": { "line": 43, "column": 102 }, "end": { "line": 65, "column": 1 } },
        "line": 43
      },
      "4": {
        "name": "(anonymous_4)",
        "decl": { "start": { "line": 47, "column": 22 }, "end": { "line": 47, "column": 23 } },
        "loc": { "start": { "line": 47, "column": 34 }, "end": { "line": 64, "column": 3 } },
        "line": 47
      },
      "5": {
        "name": "atualizarJogo",
        "decl": { "start": { "line": 67, "column": 22 }, "end": { "line": 67, "column": 35 } },
        "loc": { "start": { "line": 67, "column": 119 }, "end": { "line": 79, "column": 1 } },
        "line": 67
      },
      "6": {
        "name": "(anonymous_6)",
        "decl": { "start": { "line": 68, "column": 22 }, "end": { "line": 68, "column": 23 } },
        "loc": { "start": { "line": 68, "column": 34 }, "end": { "line": 78, "column": 3 } },
        "line": 68
      },
      "7": {
        "name": "deletarJogo",
        "decl": { "start": { "line": 81, "column": 22 }, "end": { "line": 81, "column": 33 } },
        "loc": { "start": { "line": 81, "column": 79 }, "end": { "line": 86, "column": 1 } },
        "line": 81
      },
      "8": {
        "name": "(anonymous_8)",
        "decl": { "start": { "line": 82, "column": 22 }, "end": { "line": 82, "column": 23 } },
        "loc": { "start": { "line": 82, "column": 34 }, "end": { "line": 85, "column": 3 } },
        "line": 82
      }
    },
    "branchMap": {
      "0": {
        "loc": { "start": { "line": 24, "column": 2 }, "end": { "line": 26, "column": 3 } },
        "type": "if",
        "locations": [
          { "start": { "line": 24, "column": 2 }, "end": { "line": 26, "column": 3 } },
          { "start": {}, "end": {} }
        ],
        "line": 24
      },
      "1": {
        "loc": { "start": { "line": 24, "column": 6 }, "end": { "line": 24, "column": 53 } },
        "type": "binary-expr",
        "locations": [
          { "start": { "line": 24, "column": 6 }, "end": { "line": 24, "column": 18 } },
          { "start": { "line": 24, "column": 22 }, "end": { "line": 24, "column": 53 } }
        ],
        "line": 24
      },
      "2": {
        "loc": { "start": { "line": 27, "column": 2 }, "end": { "line": 29, "column": 3 } },
        "type": "if",
        "locations": [
          { "start": { "line": 27, "column": 2 }, "end": { "line": 29, "column": 3 } },
          { "start": {}, "end": {} }
        ],
        "line": 27
      },
      "3": {
        "loc": { "start": { "line": 27, "column": 6 }, "end": { "line": 27, "column": 95 } },
        "type": "binary-expr",
        "locations": [
          { "start": { "line": 27, "column": 6 }, "end": { "line": 27, "column": 35 } },
          { "start": { "line": 27, "column": 40 }, "end": { "line": 27, "column": 65 } },
          { "start": { "line": 27, "column": 69 }, "end": { "line": 27, "column": 94 } }
        ],
        "line": 27
      },
      "4": {
        "loc": { "start": { "line": 30, "column": 2 }, "end": { "line": 32, "column": 3 } },
        "type": "if",
        "locations": [
          { "start": { "line": 30, "column": 2 }, "end": { "line": 32, "column": 3 } },
          { "start": {}, "end": {} }
        ],
        "line": 30
      },
      "5": {
        "loc": { "start": { "line": 30, "column": 6 }, "end": { "line": 30, "column": 113 } },
        "type": "binary-expr",
        "locations": [
          { "start": { "line": 30, "column": 6 }, "end": { "line": 30, "column": 34 } },
          { "start": { "line": 30, "column": 38 }, "end": { "line": 30, "column": 66 } },
          { "start": { "line": 30, "column": 70 }, "end": { "line": 30, "column": 113 } }
        ],
        "line": 30
      },
      "6": {
        "loc": { "start": { "line": 45, "column": 2 }, "end": { "line": 45, "column": 45 } },
        "type": "if",
        "locations": [
          { "start": { "line": 45, "column": 2 }, "end": { "line": 45, "column": 45 } },
          { "start": {}, "end": {} }
        ],
        "line": 45
      },
      "7": {
        "loc": { "start": { "line": 51, "column": 15 }, "end": { "line": 51, "column": 35 } },
        "type": "binary-expr",
        "locations": [
          { "start": { "line": 51, "column": 15 }, "end": { "line": 51, "column": 27 } },
          { "start": { "line": 51, "column": 31 }, "end": { "line": 51, "column": 35 } }
        ],
        "line": 51
      },
      "8": {
        "loc": { "start": { "line": 52, "column": 23 }, "end": { "line": 52, "column": 51 } },
        "type": "binary-expr",
        "locations": [
          { "start": { "line": 52, "column": 23 }, "end": { "line": 52, "column": 43 } },
          { "start": { "line": 52, "column": 47 }, "end": { "line": 52, "column": 51 } }
        ],
        "line": 52
      },
      "9": {
        "loc": { "start": { "line": 53, "column": 23 }, "end": { "line": 53, "column": 51 } },
        "type": "binary-expr",
        "locations": [
          { "start": { "line": 53, "column": 23 }, "end": { "line": 53, "column": 43 } },
          { "start": { "line": 53, "column": 47 }, "end": { "line": 53, "column": 51 } }
        ],
        "line": 53
      },
      "10": {
        "loc": { "start": { "line": 54, "column": 18 }, "end": { "line": 54, "column": 41 } },
        "type": "binary-expr",
        "locations": [
          { "start": { "line": 54, "column": 18 }, "end": { "line": 54, "column": 33 } },
          { "start": { "line": 54, "column": 37 }, "end": { "line": 54, "column": 41 } }
        ],
        "line": 54
      },
      "11": {
        "loc": { "start": { "line": 55, "column": 26 }, "end": { "line": 55, "column": 58 } },
        "type": "binary-expr",
        "locations": [
          { "start": { "line": 55, "column": 26 }, "end": { "line": 55, "column": 48 } },
          { "start": { "line": 55, "column": 52 }, "end": { "line": 55, "column": 58 } }
        ],
        "line": 55
      },
      "12": {
        "loc": { "start": { "line": 56, "column": 24 }, "end": { "line": 56, "column": 53 } },
        "type": "binary-expr",
        "locations": [
          { "start": { "line": 56, "column": 24 }, "end": { "line": 56, "column": 45 } },
          { "start": { "line": 56, "column": 49 }, "end": { "line": 56, "column": 53 } }
        ],
        "line": 56
      },
      "13": {
        "loc": { "start": { "line": 57, "column": 15 }, "end": { "line": 57, "column": 35 } },
        "type": "binary-expr",
        "locations": [
          { "start": { "line": 57, "column": 15 }, "end": { "line": 57, "column": 27 } },
          { "start": { "line": 57, "column": 31 }, "end": { "line": 57, "column": 35 } }
        ],
        "line": 57
      },
      "14": {
        "loc": { "start": { "line": 58, "column": 16 }, "end": { "line": 58, "column": 38 } },
        "type": "binary-expr",
        "locations": [
          { "start": { "line": 58, "column": 16 }, "end": { "line": 58, "column": 29 } },
          { "start": { "line": 58, "column": 33 }, "end": { "line": 58, "column": 38 } }
        ],
        "line": 58
      },
      "15": {
        "loc": { "start": { "line": 71, "column": 10 }, "end": { "line": 71, "column": 62 } },
        "type": "binary-expr",
        "locations": [
          { "start": { "line": 71, "column": 10 }, "end": { "line": 71, "column": 35 } },
          { "start": { "line": 71, "column": 39 }, "end": { "line": 71, "column": 62 } }
        ],
        "line": 71
      },
      "16": {
        "loc": { "start": { "line": 72, "column": 10 }, "end": { "line": 72, "column": 65 } },
        "type": "binary-expr",
        "locations": [
          { "start": { "line": 72, "column": 10 }, "end": { "line": 72, "column": 36 } },
          { "start": { "line": 72, "column": 40 }, "end": { "line": 72, "column": 65 } }
        ],
        "line": 72
      },
      "17": {
        "loc": { "start": { "line": 73, "column": 10 }, "end": { "line": 73, "column": 92 } },
        "type": "binary-expr",
        "locations": [
          { "start": { "line": 73, "column": 10 }, "end": { "line": 73, "column": 45 } },
          { "start": { "line": 73, "column": 49 }, "end": { "line": 73, "column": 92 } }
        ],
        "line": 73
      },
      "18": {
        "loc": { "start": { "line": 74, "column": 10 }, "end": { "line": 74, "column": 65 } },
        "type": "binary-expr",
        "locations": [
          { "start": { "line": 74, "column": 10 }, "end": { "line": 74, "column": 36 } },
          { "start": { "line": 74, "column": 40 }, "end": { "line": 74, "column": 65 } }
        ],
        "line": 74
      }
    },
    "s": {
      "0": 4,
      "1": 1,
      "2": 3,
      "3": 1,
      "4": 2,
      "5": 1,
      "6": 1,
      "7": 0,
      "8": 0,
      "9": 0,
      "10": 0,
      "11": 0,
      "12": 0,
      "13": 0,
      "14": 0,
      "15": 0,
      "16": 0,
      "17": 0,
      "18": 0,
      "19": 0,
      "20": 0,
      "21": 0,
      "22": 0,
      "23": 0,
      "24": 0
    },
    "f": { "0": 4, "1": 0, "2": 0, "3": 0, "4": 0, "5": 0, "6": 0, "7": 0, "8": 0 },
    "b": {
      "0": [1, 3],
      "1": [4, 3],
      "2": [1, 2],
      "3": [3, 1, 1],
      "4": [1, 1],
      "5": [2, 1, 1],
      "6": [0, 0],
      "7": [0, 0],
      "8": [0, 0],
      "9": [0, 0],
      "10": [0, 0],
      "11": [0, 0],
      "12": [0, 0],
      "13": [0, 0],
      "14": [0, 0],
      "15": [0, 0],
      "16": [0, 0],
      "17": [0, 0],
      "18": [0, 0]
    },
    "_coverageSchema": "1a1c01bbd47fc00a2c39e90264f33305004495a9",
    "hash": "cac7812eaaec211417847da005c4a44bf2e66e81"
  },
  "D:\\Axellion\\PROJETOS\\LoreDice\\loredice\\src\\services\\logger.ts": {
    "path": "D:\\Axellion\\PROJETOS\\LoreDice\\loredice\\src\\services\\logger.ts",
    "statementMap": {
      "0": { "start": { "line": 5, "column": 22 }, "end": { "line": 5, "column": 46 } },
      "1": { "start": { "line": 8, "column": 4 }, "end": { "line": 18, "column": 5 } },
      "2": { "start": { "line": 9, "column": 8 }, "end": { "line": 9, "column": 78 } },
      "3": { "start": { "line": 11, "column": 8 }, "end": { "line": 17, "column": 9 } },
      "4": { "start": { "line": 12, "column": 12 }, "end": { "line": 14, "column": 14 } }
    },
    "fnMap": {
      "0": {
        "name": "logError",
        "decl": { "start": { "line": 4, "column": 16 }, "end": { "line": 4, "column": 24 } },
        "loc": { "start": { "line": 4, "column": 92 }, "end": { "line": 19, "column": 1 } },
        "line": 4
      }
    },
    "branchMap": {
      "0": {
        "loc": { "start": { "line": 8, "column": 4 }, "end": { "line": 18, "column": 5 } },
        "type": "if",
        "locations": [
          { "start": { "line": 8, "column": 4 }, "end": { "line": 18, "column": 5 } },
          { "start": { "line": 10, "column": 11 }, "end": { "line": 18, "column": 5 } }
        ],
        "line": 8
      },
      "1": {
        "loc": { "start": { "line": 13, "column": 161 }, "end": { "line": 13, "column": 178 } },
        "type": "binary-expr",
        "locations": [
          { "start": { "line": 13, "column": 161 }, "end": { "line": 13, "column": 172 } },
          { "start": { "line": 13, "column": 176 }, "end": { "line": 13, "column": 178 } }
        ],
        "line": 13
      },
      "2": {
        "loc": { "start": { "line": 13, "column": 198 }, "end": { "line": 13, "column": 212 } },
        "type": "binary-expr",
        "locations": [
          { "start": { "line": 13, "column": 198 }, "end": { "line": 13, "column": 206 } },
          { "start": { "line": 13, "column": 210 }, "end": { "line": 13, "column": 212 } }
        ],
        "line": 13
      }
    },
    "s": { "0": 0, "1": 0, "2": 0, "3": 0, "4": 0 },
    "f": { "0": 0 },
    "b": { "0": [0, 0], "1": [0, 0], "2": [0, 0] },
    "_coverageSchema": "1a1c01bbd47fc00a2c39e90264f33305004495a9",
    "hash": "e6f1e0e4ab2e1e59b69bd85d655ed536b1c42604"
  },
  "D:\\Axellion\\PROJETOS\\LoreDice\\loredice\\src\\services\\scoreboard.ts": {
    "path": "D:\\Axellion\\PROJETOS\\LoreDice\\loredice\\src\\services\\scoreboard.ts",
    "statementMap": {
      "0": { "start": { "line": 22, "column": 23 }, "end": { "line": 22, "column": 63 } },
      "1": { "start": { "line": 22, "column": 43 }, "end": { "line": 22, "column": 62 } },
      "2": { "start": { "line": 23, "column": 2 }, "end": { "line": 25, "column": 3 } },
      "3": { "start": { "line": 24, "column": 4 }, "end": { "line": 24, "column": 56 } },
      "4": { "start": { "line": 26, "column": 2 }, "end": { "line": 28, "column": 3 } },
      "5": { "start": { "line": 26, "column": 38 }, "end": { "line": 26, "column": 53 } },
      "6": { "start": { "line": 27, "column": 4 }, "end": { "line": 27, "column": 62 } },
      "7": { "start": { "line": 29, "column": 2 }, "end": { "line": 29, "column": 31 } },
      "8": { "start": { "line": 33, "column": 19 }, "end": { "line": 33, "column": 63 } },
      "9": { "start": { "line": 33, "column": 41 }, "end": { "line": 33, "column": 62 } },
      "10": { "start": { "line": 34, "column": 2 }, "end": { "line": 34, "column": 32 } },
      "11": { "start": { "line": 38, "column": 14 }, "end": { "line": 38, "column": 39 } },
      "12": { "start": { "line": 39, "column": 14 }, "end": { "line": 39, "column": 27 } },
      "13": { "start": { "line": 40, "column": 2 }, "end": { "line": 40, "column": 75 } }
    },
    "fnMap": {
      "0": {
        "name": "validarJogadores",
        "decl": { "start": { "line": 21, "column": 16 }, "end": { "line": 21, "column": 32 } },
        "loc": { "start": { "line": 21, "column": 76 }, "end": { "line": 30, "column": 1 } },
        "line": 21
      },
      "1": {
        "name": "(anonymous_1)",
        "decl": { "start": { "line": 22, "column": 36 }, "end": { "line": 22, "column": 37 } },
        "loc": { "start": { "line": 22, "column": 43 }, "end": { "line": 22, "column": 62 } },
        "line": 22
      },
      "2": {
        "name": "(anonymous_2)",
        "decl": { "start": { "line": 26, "column": 31 }, "end": { "line": 26, "column": 32 } },
        "loc": { "start": { "line": 26, "column": 38 }, "end": { "line": 26, "column": 53 } },
        "line": 26
      },
      "3": {
        "name": "calcularVencedor",
        "decl": { "start": { "line": 32, "column": 16 }, "end": { "line": 32, "column": 32 } },
        "loc": { "start": { "line": 32, "column": 114 }, "end": { "line": 35, "column": 1 } },
        "line": 32
      },
      "4": {
        "name": "(anonymous_4)",
        "decl": { "start": { "line": 33, "column": 34 }, "end": { "line": 33, "column": 35 } },
        "loc": { "start": { "line": 33, "column": 41 }, "end": { "line": 33, "column": 62 } },
        "line": 33
      },
      "5": {
        "name": "formatarTempo",
        "decl": { "start": { "line": 37, "column": 16 }, "end": { "line": 37, "column": 29 } },
        "loc": { "start": { "line": 37, "column": 56 }, "end": { "line": 41, "column": 1 } },
        "line": 37
      }
    },
    "branchMap": {
      "0": {
        "loc": { "start": { "line": 23, "column": 2 }, "end": { "line": 25, "column": 3 } },
        "type": "if",
        "locations": [
          { "start": { "line": 23, "column": 2 }, "end": { "line": 25, "column": 3 } },
          { "start": {}, "end": {} }
        ],
        "line": 23
      },
      "1": {
        "loc": { "start": { "line": 26, "column": 2 }, "end": { "line": 28, "column": 3 } },
        "type": "if",
        "locations": [
          { "start": { "line": 26, "column": 2 }, "end": { "line": 28, "column": 3 } },
          { "start": {}, "end": {} }
        ],
        "line": 26
      },
      "2": {
        "loc": { "start": { "line": 34, "column": 9 }, "end": { "line": 34, "column": 31 } },
        "type": "binary-expr",
        "locations": [
          { "start": { "line": 34, "column": 9 }, "end": { "line": 34, "column": 23 } },
          { "start": { "line": 34, "column": 27 }, "end": { "line": 34, "column": 31 } }
        ],
        "line": 34
      }
    },
    "s": {
      "0": 4,
      "1": 7,
      "2": 4,
      "3": 2,
      "4": 2,
      "5": 4,
      "6": 1,
      "7": 1,
      "8": 2,
      "9": 3,
      "10": 2,
      "11": 3,
      "12": 3,
      "13": 3
    },
    "f": { "0": 4, "1": 7, "2": 4, "3": 2, "4": 3, "5": 3 },
    "b": { "0": [2, 2], "1": [1, 1], "2": [2, 1] },
    "_coverageSchema": "1a1c01bbd47fc00a2c39e90264f33305004495a9",
    "hash": "06a68b246e4e35ab479c9ac7318e53163842bdec"
  },
  "D:\\Axellion\\PROJETOS\\LoreDice\\loredice\\src\\utils\\results.ts": {
    "path": "D:\\Axellion\\PROJETOS\\LoreDice\\loredice\\src\\utils\\results.ts",
    "statementMap": {
      "0": { "start": { "line": 6, "column": 2 }, "end": { "line": 6, "column": 33 } },
      "1": { "start": { "line": 10, "column": 2 }, "end": { "line": 10, "column": 35 } }
    },
    "fnMap": {
      "0": {
        "name": "success",
        "decl": { "start": { "line": 5, "column": 16 }, "end": { "line": 5, "column": 23 } },
        "loc": { "start": { "line": 5, "column": 54 }, "end": { "line": 7, "column": 1 } },
        "line": 5
      },
      "1": {
        "name": "failure",
        "decl": { "start": { "line": 9, "column": 16 }, "end": { "line": 9, "column": 23 } },
        "loc": { "start": { "line": 9, "column": 55 }, "end": { "line": 11, "column": 1 } },
        "line": 9
      }
    },
    "branchMap": {},
    "s": { "0": 3, "1": 7 },
    "f": { "0": 3, "1": 7 },
    "b": {},
    "_coverageSchema": "1a1c01bbd47fc00a2c39e90264f33305004495a9",
    "hash": "b32d01a31ed707855d2fbc1d939f294407b4d143"
  }
}
