TN:
SF:src\components\scoreboard\PlayerScoreCard.tsx
FN:14,PlayerScoreCard
FNF:1
FNH:1
FNDA:2,PlayerScoreCard
DA:17,2
DA:19,2
LF:2
LH:2
BRDA:15,0,0,2
BRDA:24,1,0,0
BRDA:24,1,1,2
BRDA:31,2,0,0
BRDA:31,2,1,2
BRDA:36,3,0,0
BRDA:36,3,1,2
BRF:7
BRH:4
end_of_record
TN:
SF:src\components\ui\StarRating.tsx
FN:10,StarRating
FN:15,(anonymous_1)
FN:20,(anonymous_2)
FNF:3
FNH:3
FNDA:2,StarRating
FNDA:10,(anonymous_1)
FNDA:1,(anonymous_2)
DA:11,2
DA:13,2
DA:16,10
DA:20,1
LF:4
LH:4
BRDA:10,0,0,2
BRDA:19,1,0,8
BRDA:19,1,1,2
BRDA:22,2,0,3
BRDA:22,2,1,7
BRDA:24,3,0,3
BRDA:24,3,1,7
BRF:7
BRH:7
end_of_record
TN:
SF:src\db\schema\index.ts
FNF:0
FNH:0
LF:0
LH:0
BRF:0
BRH:0
end_of_record
TN:
SF:src\db\schema\jogadores.ts
FNF:0
FNH:0
DA:3,1
LF:1
LH:1
BRF:0
BRH:0
end_of_record
TN:
SF:src\db\schema\jogos.ts
FNF:0
FNH:0
DA:3,1
LF:1
LH:1
BRF:0
BRH:0
end_of_record
TN:
SF:src\db\schema\partidas.ts
FN:7,(anonymous_0)
FN:12,(anonymous_1)
FNF:2
FNH:0
FNDA:0,(anonymous_0)
FNDA:0,(anonymous_1)
DA:5,1
DA:7,0
DA:12,0
LF:3
LH:1
BRF:0
BRH:0
end_of_record
TN:
SF:src\errors\sqlite-error.ts
FN:2,(anonymous_0)
FN:10,(anonymous_1)
FNF:2
FNH:0
FNDA:0,(anonymous_0)
FNDA:0,(anonymous_1)
DA:6,0
DA:7,0
DA:11,0
DA:13,0
DA:15,0
DA:17,0
LF:6
LH:0
BRDA:11,0,0,0
BRDA:11,0,1,0
BRDA:11,0,2,0
BRF:3
BRH:0
end_of_record
TN:
SF:src\lib\db.ts
FN:12,executeQuery
FN:23,(anonymous_1)
FNF:2
FNH:0
FNDA:0,executeQuery
FNDA:0,(anonymous_1)
DA:7,1
DA:8,1
DA:17,0
DA:18,0
DA:19,0
DA:21,0
DA:22,0
DA:23,0
DA:24,0
DA:26,0
DA:27,0
DA:29,0
DA:30,0
DA:33,0
LF:14
LH:2
BRDA:15,0,0,0
BRDA:21,1,0,0
BRDA:21,1,1,0
BRDA:22,2,0,0
BRDA:22,2,1,0
BRDA:22,3,0,0
BRDA:22,3,1,0
BRF:7
BRH:0
end_of_record
TN:
SF:src\lib\theme.tsx
FN:45,ThemeProvider
FN:49,useTheme
FNF:2
FNH:1
FNDA:0,ThemeProvider
FNDA:4,useTheme
DA:3,2
DA:43,2
DA:46,0
DA:50,4
LF:4
LH:3
BRF:0
BRH:0
end_of_record
TN:
SF:src\services\collection.ts
FN:23,validarGame
FN:36,listarJogos
FN:37,(anonymous_2)
FN:43,criarJogo
FN:47,(anonymous_4)
FN:67,atualizarJogo
FN:68,(anonymous_6)
FN:81,deletarJogo
FN:82,(anonymous_8)
FNF:9
FNH:1
FNDA:4,validarGame
FNDA:0,listarJogos
FNDA:0,(anonymous_2)
FNDA:0,criarJogo
FNDA:0,(anonymous_4)
FNDA:0,atualizarJogo
FNDA:0,(anonymous_6)
FNDA:0,deletarJogo
FNDA:0,(anonymous_8)
DA:24,4
DA:25,1
DA:27,3
DA:28,1
DA:30,2
DA:31,1
DA:33,1
DA:37,0
DA:38,0
DA:39,0
DA:44,0
DA:45,0
DA:47,0
DA:48,0
DA:49,0
DA:62,0
DA:63,0
DA:68,0
DA:69,0
DA:70,0
DA:77,0
DA:82,0
DA:83,0
DA:84,0
LF:24
LH:7
BRDA:24,0,0,1
BRDA:24,0,1,3
BRDA:24,1,0,4
BRDA:24,1,1,3
BRDA:27,2,0,1
BRDA:27,2,1,2
BRDA:27,3,0,3
BRDA:27,3,1,1
BRDA:27,3,2,1
BRDA:30,4,0,1
BRDA:30,4,1,1
BRDA:30,5,0,2
BRDA:30,5,1,1
BRDA:30,5,2,1
BRDA:45,6,0,0
BRDA:45,6,1,0
BRDA:51,7,0,0
BRDA:51,7,1,0
BRDA:52,8,0,0
BRDA:52,8,1,0
BRDA:53,9,0,0
BRDA:53,9,1,0
BRDA:54,10,0,0
BRDA:54,10,1,0
BRDA:55,11,0,0
BRDA:55,11,1,0
BRDA:56,12,0,0
BRDA:56,12,1,0
BRDA:57,13,0,0
BRDA:57,13,1,0
BRDA:58,14,0,0
BRDA:58,14,1,0
BRDA:71,15,0,0
BRDA:71,15,1,0
BRDA:72,16,0,0
BRDA:72,16,1,0
BRDA:73,17,0,0
BRDA:73,17,1,0
BRDA:74,18,0,0
BRDA:74,18,1,0
BRF:40
BRH:14
end_of_record
TN:
SF:src\services\logger.ts
FN:4,logError
FNF:1
FNH:0
FNDA:0,logError
DA:5,0
DA:8,0
DA:9,0
DA:11,0
DA:12,0
LF:5
LH:0
BRDA:8,0,0,0
BRDA:8,0,1,0
BRDA:13,1,0,0
BRDA:13,1,1,0
BRDA:13,2,0,0
BRDA:13,2,1,0
BRF:6
BRH:0
end_of_record
TN:
SF:src\services\scoreboard.ts
FN:21,validarJogadores
FN:22,(anonymous_1)
FN:26,(anonymous_2)
FN:32,calcularVencedor
FN:33,(anonymous_4)
FN:37,formatarTempo
FNF:6
FNH:6
FNDA:4,validarJogadores
FNDA:7,(anonymous_1)
FNDA:4,(anonymous_2)
FNDA:2,calcularVencedor
FNDA:3,(anonymous_4)
FNDA:3,formatarTempo
DA:22,7
DA:23,4
DA:24,2
DA:26,4
DA:27,1
DA:29,1
DA:33,3
DA:34,2
DA:38,3
DA:39,3
DA:40,3
LF:11
LH:11
BRDA:23,0,0,2
BRDA:23,0,1,2
BRDA:26,1,0,1
BRDA:26,1,1,1
BRDA:34,2,0,2
BRDA:34,2,1,1
BRF:6
BRH:6
end_of_record
TN:
SF:src\utils\results.ts
FN:5,success
FN:9,failure
FNF:2
FNH:2
FNDA:3,success
FNDA:7,failure
DA:6,3
DA:10,7
LF:2
LH:2
BRF:0
BRH:0
end_of_record
